<?xml version="1.0" encoding="UTF-8"?>
<!-- Generated by org.testng.reporters.JUnitReportReporter -->
<testsuite hostname="George-PC" name="com.example.tests.GroupModificationTests" tests="4" failures="0" timestamp="3 Apr 2013 19:41:34 GMT" time="24.445" errors="0">
  <testcase name="modifySomeGroup" time="5.272" classname="com.example.tests.GroupModificationTests"/>
  <testcase name="modifySomeGroup" time="8.346" classname="com.example.tests.GroupModificationTests"/>
  <testcase name="modifySomeGroup" time="5.507" classname="com.example.tests.GroupModificationTests"/>
  <testcase name="modifySomeGroup" time="5.320" classname="com.example.tests.GroupModificationTests"/>
</testsuite> <!-- com.example.tests.GroupModificationTests -->
