<?xml version="1.0" encoding="UTF-8"?>
<!-- Generated by org.testng.reporters.JUnitReportReporter -->
<testsuite hostname="George-PC" name="com.example.tests.ContactRemovalTests" tests="1" failures="0" timestamp="3 Apr 2013 21:43:48 GMT" time="13.416" errors="0">
  <testcase name="removeSomeContact" time="13.416" classname="com.example.tests.ContactRemovalTests"/>
</testsuite> <!-- com.example.tests.ContactRemovalTests -->
