<?xml version="1.0" encoding="UTF-8"?>
<!-- Generated by org.testng.reporters.JUnitReportReporter -->
<testsuite hostname="George-PC" name="com.example.tests.GroupRemovalTests" tests="1" failures="0" timestamp="22 Mar 2013 22:40:56 GMT" time="6.458" errors="0">
  <testcase name="deleteSomeGroup" time="6.458" classname="com.example.tests.GroupRemovalTests"/>
</testsuite> <!-- com.example.tests.GroupRemovalTests -->
