<?xml version="1.0" encoding="UTF-8"?>
<!-- Generated by org.testng.reporters.JUnitReportReporter -->
<testsuite hostname="George-PC" name="com.example.tests.ContactModificationTests" tests="5" failures="0" timestamp="3 Apr 2013 21:47:34 GMT" time="206.778" errors="3">
  <testcase name="modifySomeContact" time="40.014" classname="com.example.tests.ContactModificationTests">
    <error type="java.lang.AssertionError" message="
Expected: &lt;[ContactData [fullname=  test u 2075864613], ContactData [fullname=  test q 2076872738], ContactData [fullname=test c   2073247959], ContactData [fullname=test e  test y 2073971996], ContactData [fullname=test o  test h 2075973424], ContactData [fullname=test o  test j 2078134338], ContactData [fullname=test s  test x 2077734591], ContactData [fullname=test t  test g 2074007209], ContactData [fullname=testb  testm testg], ContactData [fullname=testf  testb testy], ContactData [fullname=testw  testg testm], ContactData [fullname=test a   ], ContactData [fullname=Big D Jonny email@domain.com 02011133444], ContactData [fullname=Big D Jonny email@domain.com 02011133444], ContactData [fullname=Big D Jonny email@domain.com 02011133444], ContactData [fullname=Big D Jonny email@domain.com 02011133444], ContactData [fullname=Big D Jonny email@domain.com 02011133444], ContactData [fullname=Big D Jonny email@domain.com 02011133444], ContactData [fullname=Surname Name email@domain.com 02011133444], ContactData [fullname=Surname Name email@domain.com 02011133444], ContactData [fullname=Surname Name email@domain.com 02011133444], ContactData [fullname=Surname Name email@domain.com 02011133444], ContactData [fullname=Surname Name email@domain.com 02011133444], ContactData [fullname=test q test a test z 2073905475], ContactData [fullname=test v test c test s 2078110976], ContactData [fullname=test v test h test g 2071905378], ContactData [fullname=test s test n test b 2079340495], ContactData [fullname=test s test o test u 2079397971], ContactData [fullname=test p test p test m 2079813744], ContactData [fullname= test u test e 2074933147], ContactData [fullname=test l test w test j 2072685757], ContactData [fullname= test y  2076949652], ContactData [fullname=test r test y test g 2071392446], ContactData [fullname=test z test y test s 2079978458], ContactData [fullname= testa testl testr], ContactData [fullname= testd testv testj], ContactData [fullname= testh  testh], ContactData [fullname= testq testg testg], ContactData [fullname=testa testt testh testy], ContactData [fullname=testt testx testx testc], ContactData [fullname=zzz zzz email@domain.com 02011133444]]&gt;
     but: was &lt;[ContactData [fullname=  test u 2075864613], ContactData [fullname=  test q 2076872738], ContactData [fullname=test a  test q 2073252354], ContactData [fullname=test c   2073247959], ContactData [fullname=test e  test y 2073971996], ContactData [fullname=test o  test h 2075973424], ContactData [fullname=test o  test j 2078134338], ContactData [fullname=test s  test x 2077734591], ContactData [fullname=test t  test g 2074007209], ContactData [fullname=testb  testm testg], ContactData [fullname=testf  testb testy], ContactData [fullname=testw  testg testm], ContactData [fullname=Big D Jonny email@domain.com 02011133444], ContactData [fullname=Big D Jonny email@domain.com 02011133444], ContactData [fullname=Big D Jonny email@domain.com 02011133444], ContactData [fullname=Big D Jonny email@domain.com 02011133444], ContactData [fullname=Big D Jonny email@domain.com 02011133444], ContactData [fullname=Big D Jonny email@domain.com 02011133444], ContactData [fullname=Surname Name email@domain.com 02011133444], ContactData [fullname=Surname Name email@domain.com 02011133444], ContactData [fullname=Surname Name email@domain.com 02011133444], ContactData [fullname=Surname Name email@domain.com 02011133444], ContactData [fullname=Surname Name email@domain.com 02011133444], ContactData [fullname=test q test a test z 2073905475], ContactData [fullname=test v test c test s 2078110976], ContactData [fullname=test v test h test g 2071905378], ContactData [fullname=test s test n test b 2079340495], ContactData [fullname=test s test o test u 2079397971], ContactData [fullname=test p test p test m 2079813744], ContactData [fullname= test u test e 2074933147], ContactData [fullname=test l test w test j 2072685757], ContactData [fullname= test y  2076949652], ContactData [fullname=test r test y test g 2071392446], ContactData [fullname=test z test y test s 2079978458], ContactData [fullname= testa testl testr], ContactData [fullname= testd testv testj], ContactData [fullname= testh  testh], ContactData [fullname= testq testg testg], ContactData [fullname=testa testt testh testy], ContactData [fullname= testx testh testk], ContactData [fullname=zzz zzz email@domain.com 02011133444]]&gt;">
      <![CDATA[java.lang.AssertionError: 
Expected: <[ContactData [fullname=  test u 2075864613], ContactData [fullname=  test q 2076872738], ContactData [fullname=test c   2073247959], ContactData [fullname=test e  test y 2073971996], ContactData [fullname=test o  test h 2075973424], ContactData [fullname=test o  test j 2078134338], ContactData [fullname=test s  test x 2077734591], ContactData [fullname=test t  test g 2074007209], ContactData [fullname=testb  testm testg], ContactData [fullname=testf  testb testy], ContactData [fullname=testw  testg testm], ContactData [fullname=test a   ], ContactData [fullname=Big D Jonny email@domain.com 02011133444], ContactData [fullname=Big D Jonny email@domain.com 02011133444], ContactData [fullname=Big D Jonny email@domain.com 02011133444], ContactData [fullname=Big D Jonny email@domain.com 02011133444], ContactData [fullname=Big D Jonny email@domain.com 02011133444], ContactData [fullname=Big D Jonny email@domain.com 02011133444], ContactData [fullname=Surname Name email@domain.com 02011133444], ContactData [fullname=Surname Name email@domain.com 02011133444], ContactData [fullname=Surname Name email@domain.com 02011133444], ContactData [fullname=Surname Name email@domain.com 02011133444], ContactData [fullname=Surname Name email@domain.com 02011133444], ContactData [fullname=test q test a test z 2073905475], ContactData [fullname=test v test c test s 2078110976], ContactData [fullname=test v test h test g 2071905378], ContactData [fullname=test s test n test b 2079340495], ContactData [fullname=test s test o test u 2079397971], ContactData [fullname=test p test p test m 2079813744], ContactData [fullname= test u test e 2074933147], ContactData [fullname=test l test w test j 2072685757], ContactData [fullname= test y  2076949652], ContactData [fullname=test r test y test g 2071392446], ContactData [fullname=test z test y test s 2079978458], ContactData [fullname= testa testl testr], ContactData [fullname= testd testv testj], ContactData [fullname= testh  testh], ContactData [fullname= testq testg testg], ContactData [fullname=testa testt testh testy], ContactData [fullname=testt testx testx testc], ContactData [fullname=zzz zzz email@domain.com 02011133444]]]]><![CDATA[>
     but: was <[ContactData [fullname=  test u 2075864613], ContactData [fullname=  test q 2076872738], ContactData [fullname=test a  test q 2073252354], ContactData [fullname=test c   2073247959], ContactData [fullname=test e  test y 2073971996], ContactData [fullname=test o  test h 2075973424], ContactData [fullname=test o  test j 2078134338], ContactData [fullname=test s  test x 2077734591], ContactData [fullname=test t  test g 2074007209], ContactData [fullname=testb  testm testg], ContactData [fullname=testf  testb testy], ContactData [fullname=testw  testg testm], ContactData [fullname=Big D Jonny email@domain.com 02011133444], ContactData [fullname=Big D Jonny email@domain.com 02011133444], ContactData [fullname=Big D Jonny email@domain.com 02011133444], ContactData [fullname=Big D Jonny email@domain.com 02011133444], ContactData [fullname=Big D Jonny email@domain.com 02011133444], ContactData [fullname=Big D Jonny email@domain.com 02011133444], ContactData [fullname=Surname Name email@domain.com 02011133444], ContactData [fullname=Surname Name email@domain.com 02011133444], ContactData [fullname=Surname Name email@domain.com 02011133444], ContactData [fullname=Surname Name email@domain.com 02011133444], ContactData [fullname=Surname Name email@domain.com 02011133444], ContactData [fullname=test q test a test z 2073905475], ContactData [fullname=test v test c test s 2078110976], ContactData [fullname=test v test h test g 2071905378], ContactData [fullname=test s test n test b 2079340495], ContactData [fullname=test s test o test u 2079397971], ContactData [fullname=test p test p test m 2079813744], ContactData [fullname= test u test e 2074933147], ContactData [fullname=test l test w test j 2072685757], ContactData [fullname= test y  2076949652], ContactData [fullname=test r test y test g 2071392446], ContactData [fullname=test z test y test s 2079978458], ContactData [fullname= testa testl testr], ContactData [fullname= testd testv testj], ContactData [fullname= testh  testh], ContactData [fullname= testq testg testg], ContactData [fullname=testa testt testh testy], ContactData [fullname= testx testh testk], ContactData [fullname=zzz zzz email@domain.com 02011133444]]]]><![CDATA[>
	at org.hamcrest.MatcherAssert.assertThat(MatcherAssert.java:20)
	at org.junit.Assert.assertThat(Assert.java:865)
	at org.junit.Assert.assertThat(Assert.java:832)
	at com.example.tests.ContactModificationTests.modifySomeContact(ContactModificationTests.java:44)
	at sun.reflect.NativeMethodAccessorImpl.invoke0(Native Method)
	at sun.reflect.NativeMethodAccessorImpl.invoke(Unknown Source)
	at sun.reflect.DelegatingMethodAccessorImpl.invoke(Unknown Source)
	at java.lang.reflect.Method.invoke(Unknown Source)
	at org.testng.internal.MethodInvocationHelper.invokeMethod(MethodInvocationHelper.java:80)
	at org.testng.internal.Invoker.invokeMethod(Invoker.java:714)
	at org.testng.internal.Invoker.invokeTestMethod(Invoker.java:901)
	at org.testng.internal.Invoker.invokeTestMethods(Invoker.java:1231)
	at org.testng.internal.TestMethodWorker.invokeTestMethods(TestMethodWorker.java:128)
	at org.testng.internal.TestMethodWorker.run(TestMethodWorker.java:111)
	at org.testng.TestRunner.privateRun(TestRunner.java:767)
	at org.testng.TestRunner.run(TestRunner.java:617)
	at org.testng.SuiteRunner.runTest(SuiteRunner.java:334)
	at org.testng.SuiteRunner.runSequentially(SuiteRunner.java:329)
	at org.testng.SuiteRunner.privateRun(SuiteRunner.java:291)
	at org.testng.SuiteRunner.run(SuiteRunner.java:240)
	at org.testng.SuiteRunnerWorker.runSuite(SuiteRunnerWorker.java:52)
	at org.testng.SuiteRunnerWorker.run(SuiteRunnerWorker.java:86)
	at org.testng.TestNG.runSuitesSequentially(TestNG.java:1203)
	at org.testng.TestNG.runSuitesLocally(TestNG.java:1128)
	at org.testng.TestNG.run(TestNG.java:1036)
	at org.testng.remote.RemoteTestNG.run(RemoteTestNG.java:111)
	at org.testng.remote.RemoteTestNG.initAndRun(RemoteTestNG.java:204)
	at org.testng.remote.RemoteTestNG.main(RemoteTestNG.java:175)
]]>
    </error>
  </testcase> <!-- modifySomeContact -->
  <testcase name="modifySomeContact" time="40.544" classname="com.example.tests.ContactModificationTests"/>
  <testcase name="modifySomeContact" time="40.482" classname="com.example.tests.ContactModificationTests">
    <error type="java.lang.AssertionError" message="
Expected: &lt;[ContactData [fullname=  test u 2075864613], ContactData [fullname=  test q 2076872738], ContactData [fullname=test c   2073247959], ContactData [fullname=test e  test y 2073971996], ContactData [fullname=test o  test j 2078134338], ContactData [fullname=test s  test x 2077734591], ContactData [fullname=test t  test g 2074007209], ContactData [fullname=testb  testm testg], ContactData [fullname=testf  testb testy], ContactData [fullname=test o  test h 2075973424], ContactData [fullname=Big D Jonny email@domain.com 02011133444], ContactData [fullname=Big D Jonny email@domain.com 02011133444], ContactData [fullname=Big D Jonny email@domain.com 02011133444], ContactData [fullname=Big D Jonny email@domain.com 02011133444], ContactData [fullname=Big D Jonny email@domain.com 02011133444], ContactData [fullname=Big D Jonny email@domain.com 02011133444], ContactData [fullname=Surname Name email@domain.com 02011133444], ContactData [fullname=Surname Name email@domain.com 02011133444], ContactData [fullname=Surname Name email@domain.com 02011133444], ContactData [fullname=Surname Name email@domain.com 02011133444], ContactData [fullname=Surname Name email@domain.com 02011133444], ContactData [fullname=test q test a test z 2073905475], ContactData [fullname=test v test c test s 2078110976], ContactData [fullname=test v test h test g 2071905378], ContactData [fullname=test s test n test b 2079340495], ContactData [fullname=test s test o test u 2079397971], ContactData [fullname=test p test p test m 2079813744], ContactData [fullname= test u test e 2074933147], ContactData [fullname=test l test w test j 2072685757], ContactData [fullname= test y  2076949652], ContactData [fullname=test r test y test g 2071392446], ContactData [fullname=test z test y test s 2079978458], ContactData [fullname= testa testl testr], ContactData [fullname= testd testv testj], ContactData [fullname= testh  testh], ContactData [fullname= testq testg testg], ContactData [fullname=testa testt testh testy], ContactData [fullname= testx testh testk], ContactData [fullname=testt testx testx testc], ContactData [fullname= testz tests testp], ContactData [fullname=zzz zzz email@domain.com 02011133444]]&gt;
     but: was &lt;[ContactData [fullname=  test u 2075864613], ContactData [fullname=  test q 2076872738], ContactData [fullname=test c   2073247959], ContactData [fullname=test e  test y 2073971996], ContactData [fullname=test o  test h 2075973424], ContactData [fullname=test o  test j 2078134338], ContactData [fullname=test s  test x 2077734591], ContactData [fullname=test t  test g 2074007209], ContactData [fullname=testb  testm testg], ContactData [fullname=testf  testb testy], ContactData [fullname=testw  testg testm], ContactData [fullname=Big D Jonny email@domain.com 02011133444], ContactData [fullname=Big D Jonny email@domain.com 02011133444], ContactData [fullname=Big D Jonny email@domain.com 02011133444], ContactData [fullname=Big D Jonny email@domain.com 02011133444], ContactData [fullname=Big D Jonny email@domain.com 02011133444], ContactData [fullname=Big D Jonny email@domain.com 02011133444], ContactData [fullname=Surname Name email@domain.com 02011133444], ContactData [fullname=Surname Name email@domain.com 02011133444], ContactData [fullname=Surname Name email@domain.com 02011133444], ContactData [fullname=Surname Name email@domain.com 02011133444], ContactData [fullname=Surname Name email@domain.com 02011133444], ContactData [fullname=test q test a test z 2073905475], ContactData [fullname=test v test c test s 2078110976], ContactData [fullname=test v test h test g 2071905378], ContactData [fullname=test s test n test b 2079340495], ContactData [fullname=test s test o test u 2079397971], ContactData [fullname=test p test p test m 2079813744], ContactData [fullname= test u test e 2074933147], ContactData [fullname=test l test w test j 2072685757], ContactData [fullname= test y  2076949652], ContactData [fullname=test r test y test g 2071392446], ContactData [fullname=test z test y test s 2079978458], ContactData [fullname= testa testl testr], ContactData [fullname= testd testv testj], ContactData [fullname= testh  testh], ContactData [fullname= testq testg testg], ContactData [fullname=testa testt testh testy], ContactData [fullname= testx testh testk], ContactData [fullname=testt testx testx testc], ContactData [fullname=zzz zzz email@domain.com 02011133444]]&gt;">
      <![CDATA[java.lang.AssertionError: 
Expected: <[ContactData [fullname=  test u 2075864613], ContactData [fullname=  test q 2076872738], ContactData [fullname=test c   2073247959], ContactData [fullname=test e  test y 2073971996], ContactData [fullname=test o  test j 2078134338], ContactData [fullname=test s  test x 2077734591], ContactData [fullname=test t  test g 2074007209], ContactData [fullname=testb  testm testg], ContactData [fullname=testf  testb testy], ContactData [fullname=test o  test h 2075973424], ContactData [fullname=Big D Jonny email@domain.com 02011133444], ContactData [fullname=Big D Jonny email@domain.com 02011133444], ContactData [fullname=Big D Jonny email@domain.com 02011133444], ContactData [fullname=Big D Jonny email@domain.com 02011133444], ContactData [fullname=Big D Jonny email@domain.com 02011133444], ContactData [fullname=Big D Jonny email@domain.com 02011133444], ContactData [fullname=Surname Name email@domain.com 02011133444], ContactData [fullname=Surname Name email@domain.com 02011133444], ContactData [fullname=Surname Name email@domain.com 02011133444], ContactData [fullname=Surname Name email@domain.com 02011133444], ContactData [fullname=Surname Name email@domain.com 02011133444], ContactData [fullname=test q test a test z 2073905475], ContactData [fullname=test v test c test s 2078110976], ContactData [fullname=test v test h test g 2071905378], ContactData [fullname=test s test n test b 2079340495], ContactData [fullname=test s test o test u 2079397971], ContactData [fullname=test p test p test m 2079813744], ContactData [fullname= test u test e 2074933147], ContactData [fullname=test l test w test j 2072685757], ContactData [fullname= test y  2076949652], ContactData [fullname=test r test y test g 2071392446], ContactData [fullname=test z test y test s 2079978458], ContactData [fullname= testa testl testr], ContactData [fullname= testd testv testj], ContactData [fullname= testh  testh], ContactData [fullname= testq testg testg], ContactData [fullname=testa testt testh testy], ContactData [fullname= testx testh testk], ContactData [fullname=testt testx testx testc], ContactData [fullname= testz tests testp], ContactData [fullname=zzz zzz email@domain.com 02011133444]]]]><![CDATA[>
     but: was <[ContactData [fullname=  test u 2075864613], ContactData [fullname=  test q 2076872738], ContactData [fullname=test c   2073247959], ContactData [fullname=test e  test y 2073971996], ContactData [fullname=test o  test h 2075973424], ContactData [fullname=test o  test j 2078134338], ContactData [fullname=test s  test x 2077734591], ContactData [fullname=test t  test g 2074007209], ContactData [fullname=testb  testm testg], ContactData [fullname=testf  testb testy], ContactData [fullname=testw  testg testm], ContactData [fullname=Big D Jonny email@domain.com 02011133444], ContactData [fullname=Big D Jonny email@domain.com 02011133444], ContactData [fullname=Big D Jonny email@domain.com 02011133444], ContactData [fullname=Big D Jonny email@domain.com 02011133444], ContactData [fullname=Big D Jonny email@domain.com 02011133444], ContactData [fullname=Big D Jonny email@domain.com 02011133444], ContactData [fullname=Surname Name email@domain.com 02011133444], ContactData [fullname=Surname Name email@domain.com 02011133444], ContactData [fullname=Surname Name email@domain.com 02011133444], ContactData [fullname=Surname Name email@domain.com 02011133444], ContactData [fullname=Surname Name email@domain.com 02011133444], ContactData [fullname=test q test a test z 2073905475], ContactData [fullname=test v test c test s 2078110976], ContactData [fullname=test v test h test g 2071905378], ContactData [fullname=test s test n test b 2079340495], ContactData [fullname=test s test o test u 2079397971], ContactData [fullname=test p test p test m 2079813744], ContactData [fullname= test u test e 2074933147], ContactData [fullname=test l test w test j 2072685757], ContactData [fullname= test y  2076949652], ContactData [fullname=test r test y test g 2071392446], ContactData [fullname=test z test y test s 2079978458], ContactData [fullname= testa testl testr], ContactData [fullname= testd testv testj], ContactData [fullname= testh  testh], ContactData [fullname= testq testg testg], ContactData [fullname=testa testt testh testy], ContactData [fullname= testx testh testk], ContactData [fullname=testt testx testx testc], ContactData [fullname=zzz zzz email@domain.com 02011133444]]]]><![CDATA[>
	at org.hamcrest.MatcherAssert.assertThat(MatcherAssert.java:20)
	at org.junit.Assert.assertThat(Assert.java:865)
	at org.junit.Assert.assertThat(Assert.java:832)
	at com.example.tests.ContactModificationTests.modifySomeContact(ContactModificationTests.java:44)
	at sun.reflect.NativeMethodAccessorImpl.invoke0(Native Method)
	at sun.reflect.NativeMethodAccessorImpl.invoke(Unknown Source)
	at sun.reflect.DelegatingMethodAccessorImpl.invoke(Unknown Source)
	at java.lang.reflect.Method.invoke(Unknown Source)
	at org.testng.internal.MethodInvocationHelper.invokeMethod(MethodInvocationHelper.java:80)
	at org.testng.internal.Invoker.invokeMethod(Invoker.java:714)
	at org.testng.internal.Invoker.invokeTestMethod(Invoker.java:901)
	at org.testng.internal.Invoker.invokeTestMethods(Invoker.java:1231)
	at org.testng.internal.TestMethodWorker.invokeTestMethods(TestMethodWorker.java:128)
	at org.testng.internal.TestMethodWorker.run(TestMethodWorker.java:111)
	at org.testng.TestRunner.privateRun(TestRunner.java:767)
	at org.testng.TestRunner.run(TestRunner.java:617)
	at org.testng.SuiteRunner.runTest(SuiteRunner.java:334)
	at org.testng.SuiteRunner.runSequentially(SuiteRunner.java:329)
	at org.testng.SuiteRunner.privateRun(SuiteRunner.java:291)
	at org.testng.SuiteRunner.run(SuiteRunner.java:240)
	at org.testng.SuiteRunnerWorker.runSuite(SuiteRunnerWorker.java:52)
	at org.testng.SuiteRunnerWorker.run(SuiteRunnerWorker.java:86)
	at org.testng.TestNG.runSuitesSequentially(TestNG.java:1203)
	at org.testng.TestNG.runSuitesLocally(TestNG.java:1128)
	at org.testng.TestNG.run(TestNG.java:1036)
	at org.testng.remote.RemoteTestNG.run(RemoteTestNG.java:111)
	at org.testng.remote.RemoteTestNG.initAndRun(RemoteTestNG.java:204)
	at org.testng.remote.RemoteTestNG.main(RemoteTestNG.java:175)
]]>
    </error>
  </testcase> <!-- modifySomeContact -->
  <testcase name="modifySomeContact" time="45.755" classname="com.example.tests.ContactModificationTests">
    <error type="java.lang.AssertionError" message="
Expected: &lt;[ContactData [fullname=  testl testa], ContactData [fullname=  test u 2075864613], ContactData [fullname=  test p 2077626276], ContactData [fullname=  test q 2076872738], ContactData [fullname=test c   2073247959], ContactData [fullname=test e  test y 2073971996], ContactData [fullname=test o  test j 2078134338], ContactData [fullname=test s  test x 2077734591], ContactData [fullname=test t  test g 2074007209], ContactData [fullname=testb  testm testg], ContactData [fullname=testf  testb testy], ContactData [fullname=testw  testg testm], ContactData [fullname=Big D Jonny email@domain.com 02011133444], ContactData [fullname=Big D Jonny email@domain.com 02011133444], ContactData [fullname=Big D Jonny email@domain.com 02011133444], ContactData [fullname=Big D Jonny email@domain.com 02011133444], ContactData [fullname=Big D Jonny email@domain.com 02011133444], ContactData [fullname=Big D Jonny email@domain.com 02011133444], ContactData [fullname=Surname Name email@domain.com 02011133444], ContactData [fullname=Surname Name email@domain.com 02011133444], ContactData [fullname=Surname Name email@domain.com 02011133444], ContactData [fullname=Surname Name email@domain.com 02011133444], ContactData [fullname=Surname Name email@domain.com 02011133444], ContactData [fullname=test v test c test s ], ContactData [fullname=test z test h test b 2077390886], ContactData [fullname=test s test n test b 2079340495], ContactData [fullname=test s test o test u 2079397971], ContactData [fullname=test p test p test m 2079813744], ContactData [fullname= test u test e 2074933147], ContactData [fullname=test l test w test j 2072685757], ContactData [fullname= test y  2076949652], ContactData [fullname=test r test y test g 2071392446], ContactData [fullname=test z test y test s 2079978458], ContactData [fullname= testa testl testr], ContactData [fullname= testh  testh], ContactData [fullname= testq testg testg], ContactData [fullname=testa testt testh testy], ContactData [fullname= testx testh testk], ContactData [fullname=testt testx testx testc], ContactData [fullname= testz tests testp], ContactData [fullname=zzz zzz email@domain.com 02011133444]]&gt;
     but: was &lt;[ContactData [fullname=  testl testa], ContactData [fullname=  test u 2075864613], ContactData [fullname=  test p 2077626276], ContactData [fullname=  test q 2076872738], ContactData [fullname=test c   2073247959], ContactData [fullname=test e  test y 2073971996], ContactData [fullname=test o  test j 2078134338], ContactData [fullname=test s  test x 2077734591], ContactData [fullname=test t  test g 2074007209], ContactData [fullname=testb  testm testg], ContactData [fullname=testf  testb testy], ContactData [fullname=testw  testg testm], ContactData [fullname=Big D Jonny email@domain.com 02011133444], ContactData [fullname=Big D Jonny email@domain.com 02011133444], ContactData [fullname=Big D Jonny email@domain.com 02011133444], ContactData [fullname=Big D Jonny email@domain.com 02011133444], ContactData [fullname=Big D Jonny email@domain.com 02011133444], ContactData [fullname=Big D Jonny email@domain.com 02011133444], ContactData [fullname=Surname Name email@domain.com 02011133444], ContactData [fullname=Surname Name email@domain.com 02011133444], ContactData [fullname=Surname Name email@domain.com 02011133444], ContactData [fullname=Surname Name email@domain.com 02011133444], ContactData [fullname=Surname Name email@domain.com 02011133444], ContactData [fullname=test v test c test s 2078110976], ContactData [fullname=test s test n test b 2079340495], ContactData [fullname=test s test o test u 2079397971], ContactData [fullname=test p test p test m 2079813744], ContactData [fullname= test u test e 2074933147], ContactData [fullname=test l test w test j 2072685757], ContactData [fullname= test y  2076949652], ContactData [fullname=test r test y test g 2071392446], ContactData [fullname=test z test y test s 2079978458], ContactData [fullname= testa testl testr], ContactData [fullname= testd testv testj], ContactData [fullname= testh  testh], ContactData [fullname= testq testg testg], ContactData [fullname=testa testt testh testy], ContactData [fullname= testx testh testk], ContactData [fullname=testt testx testx testc], ContactData [fullname= testz tests testp], ContactData [fullname=zzz zzz email@domain.com 02011133444]]&gt;">
      <![CDATA[java.lang.AssertionError: 
Expected: <[ContactData [fullname=  testl testa], ContactData [fullname=  test u 2075864613], ContactData [fullname=  test p 2077626276], ContactData [fullname=  test q 2076872738], ContactData [fullname=test c   2073247959], ContactData [fullname=test e  test y 2073971996], ContactData [fullname=test o  test j 2078134338], ContactData [fullname=test s  test x 2077734591], ContactData [fullname=test t  test g 2074007209], ContactData [fullname=testb  testm testg], ContactData [fullname=testf  testb testy], ContactData [fullname=testw  testg testm], ContactData [fullname=Big D Jonny email@domain.com 02011133444], ContactData [fullname=Big D Jonny email@domain.com 02011133444], ContactData [fullname=Big D Jonny email@domain.com 02011133444], ContactData [fullname=Big D Jonny email@domain.com 02011133444], ContactData [fullname=Big D Jonny email@domain.com 02011133444], ContactData [fullname=Big D Jonny email@domain.com 02011133444], ContactData [fullname=Surname Name email@domain.com 02011133444], ContactData [fullname=Surname Name email@domain.com 02011133444], ContactData [fullname=Surname Name email@domain.com 02011133444], ContactData [fullname=Surname Name email@domain.com 02011133444], ContactData [fullname=Surname Name email@domain.com 02011133444], ContactData [fullname=test v test c test s ], ContactData [fullname=test z test h test b 2077390886], ContactData [fullname=test s test n test b 2079340495], ContactData [fullname=test s test o test u 2079397971], ContactData [fullname=test p test p test m 2079813744], ContactData [fullname= test u test e 2074933147], ContactData [fullname=test l test w test j 2072685757], ContactData [fullname= test y  2076949652], ContactData [fullname=test r test y test g 2071392446], ContactData [fullname=test z test y test s 2079978458], ContactData [fullname= testa testl testr], ContactData [fullname= testh  testh], ContactData [fullname= testq testg testg], ContactData [fullname=testa testt testh testy], ContactData [fullname= testx testh testk], ContactData [fullname=testt testx testx testc], ContactData [fullname= testz tests testp], ContactData [fullname=zzz zzz email@domain.com 02011133444]]]]><![CDATA[>
     but: was <[ContactData [fullname=  testl testa], ContactData [fullname=  test u 2075864613], ContactData [fullname=  test p 2077626276], ContactData [fullname=  test q 2076872738], ContactData [fullname=test c   2073247959], ContactData [fullname=test e  test y 2073971996], ContactData [fullname=test o  test j 2078134338], ContactData [fullname=test s  test x 2077734591], ContactData [fullname=test t  test g 2074007209], ContactData [fullname=testb  testm testg], ContactData [fullname=testf  testb testy], ContactData [fullname=testw  testg testm], ContactData [fullname=Big D Jonny email@domain.com 02011133444], ContactData [fullname=Big D Jonny email@domain.com 02011133444], ContactData [fullname=Big D Jonny email@domain.com 02011133444], ContactData [fullname=Big D Jonny email@domain.com 02011133444], ContactData [fullname=Big D Jonny email@domain.com 02011133444], ContactData [fullname=Big D Jonny email@domain.com 02011133444], ContactData [fullname=Surname Name email@domain.com 02011133444], ContactData [fullname=Surname Name email@domain.com 02011133444], ContactData [fullname=Surname Name email@domain.com 02011133444], ContactData [fullname=Surname Name email@domain.com 02011133444], ContactData [fullname=Surname Name email@domain.com 02011133444], ContactData [fullname=test v test c test s 2078110976], ContactData [fullname=test s test n test b 2079340495], ContactData [fullname=test s test o test u 2079397971], ContactData [fullname=test p test p test m 2079813744], ContactData [fullname= test u test e 2074933147], ContactData [fullname=test l test w test j 2072685757], ContactData [fullname= test y  2076949652], ContactData [fullname=test r test y test g 2071392446], ContactData [fullname=test z test y test s 2079978458], ContactData [fullname= testa testl testr], ContactData [fullname= testd testv testj], ContactData [fullname= testh  testh], ContactData [fullname= testq testg testg], ContactData [fullname=testa testt testh testy], ContactData [fullname= testx testh testk], ContactData [fullname=testt testx testx testc], ContactData [fullname= testz tests testp], ContactData [fullname=zzz zzz email@domain.com 02011133444]]]]><![CDATA[>
	at org.hamcrest.MatcherAssert.assertThat(MatcherAssert.java:20)
	at org.junit.Assert.assertThat(Assert.java:865)
	at org.junit.Assert.assertThat(Assert.java:832)
	at com.example.tests.ContactModificationTests.modifySomeContact(ContactModificationTests.java:44)
	at sun.reflect.NativeMethodAccessorImpl.invoke0(Native Method)
	at sun.reflect.NativeMethodAccessorImpl.invoke(Unknown Source)
	at sun.reflect.DelegatingMethodAccessorImpl.invoke(Unknown Source)
	at java.lang.reflect.Method.invoke(Unknown Source)
	at org.testng.internal.MethodInvocationHelper.invokeMethod(MethodInvocationHelper.java:80)
	at org.testng.internal.Invoker.invokeMethod(Invoker.java:714)
	at org.testng.internal.Invoker.invokeTestMethod(Invoker.java:901)
	at org.testng.internal.Invoker.invokeTestMethods(Invoker.java:1231)
	at org.testng.internal.TestMethodWorker.invokeTestMethods(TestMethodWorker.java:128)
	at org.testng.internal.TestMethodWorker.run(TestMethodWorker.java:111)
	at org.testng.TestRunner.privateRun(TestRunner.java:767)
	at org.testng.TestRunner.run(TestRunner.java:617)
	at org.testng.SuiteRunner.runTest(SuiteRunner.java:334)
	at org.testng.SuiteRunner.runSequentially(SuiteRunner.java:329)
	at org.testng.SuiteRunner.privateRun(SuiteRunner.java:291)
	at org.testng.SuiteRunner.run(SuiteRunner.java:240)
	at org.testng.SuiteRunnerWorker.runSuite(SuiteRunnerWorker.java:52)
	at org.testng.SuiteRunnerWorker.run(SuiteRunnerWorker.java:86)
	at org.testng.TestNG.runSuitesSequentially(TestNG.java:1203)
	at org.testng.TestNG.runSuitesLocally(TestNG.java:1128)
	at org.testng.TestNG.run(TestNG.java:1036)
	at org.testng.remote.RemoteTestNG.run(RemoteTestNG.java:111)
	at org.testng.remote.RemoteTestNG.initAndRun(RemoteTestNG.java:204)
	at org.testng.remote.RemoteTestNG.main(RemoteTestNG.java:175)
]]>
    </error>
  </testcase> <!-- modifySomeContact -->
  <testcase name="modifySomeContact" time="39.983" classname="com.example.tests.ContactModificationTests"/>
</testsuite> <!-- com.example.tests.ContactModificationTests -->
