<?xml version="1.0" encoding="UTF-8"?>
<!-- Generated by org.testng.reporters.JUnitReportReporter -->
<testsuite hostname="CZC8357RJ1" name="ru.st.selenium.elements.Homework2" tests="1" failures="0" timestamp="16 Sep 2013 12:51:44 GMT" time="19.421" errors="0">
  <testcase name="homework2" time="19.421" classname="ru.st.selenium.elements.Homework2"/>
</testsuite> <!-- ru.st.selenium.elements.Homework2 -->
