<?xml version="1.0" encoding="UTF-8"?>
<!-- Generated by org.testng.reporters.JUnitReportReporter -->
<testsuite hostname="CZC8357RJ1" name="vodafone.OrderPlacementTests" tests="1" failures="0" timestamp="25 Sep 2013 09:21:52 GMT" time="30.207" errors="0">
  <testcase name="validOrderPlacement" time="30.207" classname="vodafone.OrderPlacementTests"/>
</testsuite> <!-- vodafone.OrderPlacementTests -->
